<?xml version="1.0" encoding="UTF-8"?>
<testng-results ignored="0" total="2" passed="2" failed="0" skipped="0">
  <reporter-output>
  </reporter-output>
  <suite started-at="2025-06-03T14:20:33 IST" name="Master Suite" finished-at="2025-06-03T14:20:51 IST" duration-ms="17668">
    <groups>
      <group name="Master">
        <method signature="TC001_AccontRegistrationTest.verify_account_registration()[pri:0, instance:testCases.TC001_AccontRegistrationTest@6581dc0a]" name="verify_account_registration" class="testCases.TC001_AccontRegistrationTest"/>
        <method signature="TC002_LoginTest.verify_login()[pri:0, instance:testCases.TC002_LoginTest@58326051]" name="verify_login" class="testCases.TC002_LoginTest"/>
      </group> <!-- Master -->
      <group name="Sanity">
        <method signature="TC002_LoginTest.verify_login()[pri:0, instance:testCases.TC002_LoginTest@58326051]" name="verify_login" class="testCases.TC002_LoginTest"/>
      </group> <!-- Sanity -->
      <group name="Regression">
        <method signature="TC001_AccontRegistrationTest.verify_account_registration()[pri:0, instance:testCases.TC001_AccontRegistrationTest@6581dc0a]" name="verify_account_registration" class="testCases.TC001_AccontRegistrationTest"/>
      </group> <!-- Regression -->
    </groups>
    <test started-at="2025-06-03T14:20:33 IST" name="Test" finished-at="2025-06-03T14:20:51 IST" duration-ms="17668">
      <class name="testCases.TC002_LoginTest">
        <test-method is-config="true" signature="setup(java.lang.String,java.lang.String)[pri:0, instance:testCases.TC002_LoginTest@58326051]" started-at="2025-06-03T14:20:42 IST" name="setup" finished-at="2025-06-03T14:20:45 IST" duration-ms="2872" status="PASS">
          <params>
            <param index="0">
              <value>
                <![CDATA[Windows]]>
              </value>
            </param>
            <param index="1">
              <value>
                <![CDATA[chrome]]>
              </value>
            </param>
          </params>
          <reporter-output>
          </reporter-output>
        </test-method> <!-- setup -->
        <test-method signature="verify_login()[pri:0, instance:testCases.TC002_LoginTest@58326051]" started-at="2025-06-03T14:20:45 IST" name="verify_login" finished-at="2025-06-03T14:20:50 IST" duration-ms="5291" status="PASS">
          <reporter-output>
          </reporter-output>
        </test-method> <!-- verify_login -->
        <test-method is-config="true" signature="closeBrowser()[pri:0, instance:testCases.TC002_LoginTest@58326051]" started-at="2025-06-03T14:20:50 IST" name="closeBrowser" finished-at="2025-06-03T14:20:51 IST" duration-ms="438" status="PASS">
          <reporter-output>
          </reporter-output>
        </test-method> <!-- closeBrowser -->
      </class> <!-- testCases.TC002_LoginTest -->
      <class name="testCases.TC001_AccontRegistrationTest">
        <test-method is-config="true" signature="setup(java.lang.String,java.lang.String)[pri:0, instance:testCases.TC001_AccontRegistrationTest@6581dc0a]" started-at="2025-06-03T14:20:33 IST" name="setup" finished-at="2025-06-03T14:20:39 IST" duration-ms="5877" status="PASS">
          <params>
            <param index="0">
              <value>
                <![CDATA[Windows]]>
              </value>
            </param>
            <param index="1">
              <value>
                <![CDATA[chrome]]>
              </value>
            </param>
          </params>
          <reporter-output>
          </reporter-output>
        </test-method> <!-- setup -->
        <test-method signature="verify_account_registration()[pri:0, instance:testCases.TC001_AccontRegistrationTest@6581dc0a]" started-at="2025-06-03T14:20:39 IST" name="verify_account_registration" finished-at="2025-06-03T14:20:42 IST" duration-ms="2581" status="PASS">
          <reporter-output>
          </reporter-output>
        </test-method> <!-- verify_account_registration -->
        <test-method is-config="true" signature="closeBrowser()[pri:0, instance:testCases.TC001_AccontRegistrationTest@6581dc0a]" started-at="2025-06-03T14:20:42 IST" name="closeBrowser" finished-at="2025-06-03T14:20:42 IST" duration-ms="336" status="PASS">
          <reporter-output>
          </reporter-output>
        </test-method> <!-- closeBrowser -->
      </class> <!-- testCases.TC001_AccontRegistrationTest -->
    </test> <!-- Test -->
  </suite> <!-- Master Suite -->
</testng-results>
